Mail server is running on port 4445
Server started...
Server stopped...
Server started...
Received: LOGIN:exam@gmail.com:123
Sent response: Login successful. Welcome, Bùi Quốc Văn!
Received: SAVE_IP:exam@gmail.com:192.168.1.3
Sent response: Invalid command
Received: LOAD_EMAILS:exam@gmail.com:1:10
Sent response: ID: 2, Sender: exam1@gmail.com, Receiver: exam@gmail.com, Subject: Hello Quân, Content: Xin chào cu em, Sent Date: 2024-10-30, Is Sent: false
ID: 7, Sender: exam1@gmail.com, Receiver: exam@gmail.com, Subject: XXX, Content: XXXXX, Sent Date: 2024-10-31, Is Sent: false
ID: 8, Sender: exam1@gmail.com, Receiver: exam@gmail.com, Subject: XXX, Content: XXXXX, Sent Date: 2024-10-31, Is Sent: false

Received: LOAD_EMAILS:exam@gmail.com:1:10
Sent response: ID: 2, Sender: exam1@gmail.com, Receiver: exam@gmail.com, Subject: Hello Quân, Content: Xin chào cu em, Sent Date: 2024-10-30, Is Sent: false
ID: 7, Sender: exam1@gmail.com, Receiver: exam@gmail.com, Subject: XXX, Content: XXXXX, Sent Date: 2024-10-31, Is Sent: false
ID: 8, Sender: exam1@gmail.com, Receiver: exam@gmail.com, Subject: XXX, Content: XXXXX, Sent Date: 2024-10-31, Is Sent: false

Received: LOAD_EMAILS:exam@gmail.com:1:10
Sent response: ID: 2, Sender: exam1@gmail.com, Receiver: exam@gmail.com, Subject: Hello Quân, Content: Xin chào cu em, Sent Date: 2024-10-30, Is Sent: false
ID: 7, Sender: exam1@gmail.com, Receiver: exam@gmail.com, Subject: XXX, Content: XXXXX, Sent Date: 2024-10-31, Is Sent: false
ID: 8, Sender: exam1@gmail.com, Receiver: exam@gmail.com, Subject: XXX, Content: XXXXX, Sent Date: 2024-10-31, Is Sent: false

Received: LOAD_EMAILS:exam@gmail.com:1:10
Sent response: ID: 2, Sender: exam1@gmail.com, Receiver: exam@gmail.com, Subject: Hello Quân, Content: Xin chào cu em, Sent Date: 2024-10-30, Is Sent: false
ID: 7, Sender: exam1@gmail.com, Receiver: exam@gmail.com, Subject: XXX, Content: XXXXX, Sent Date: 2024-10-31, Is Sent: false
ID: 8, Sender: exam1@gmail.com, Receiver: exam@gmail.com, Subject: XXX, Content: XXXXX, Sent Date: 2024-10-31, Is Sent: false

Received: LOAD_EMAILS:exam@gmail.com:1:10
Sent response: ID: 2, Sender: exam1@gmail.com, Receiver: exam@gmail.com, Subject: Hello Quân, Content: Xin chào cu em, Sent Date: 2024-10-30, Is Sent: false
ID: 7, Sender: exam1@gmail.com, Receiver: exam@gmail.com, Subject: XXX, Content: XXXXX, Sent Date: 2024-10-31, Is Sent: false
ID: 8, Sender: exam1@gmail.com, Receiver: exam@gmail.com, Subject: XXX, Content: XXXXX, Sent Date: 2024-10-31, Is Sent: false

Received: DELETE_EMAIL:exam@gmail.com:2
Sent response: Invalid command
Received: LOAD_EMAILS:exam@gmail.com:1:10
Sent response: ID: 2, Sender: exam1@gmail.com, Receiver: exam@gmail.com, Subject: Hello Quân, Content: Xin chào cu em, Sent Date: 2024-10-30, Is Sent: false
ID: 7, Sender: exam1@gmail.com, Receiver: exam@gmail.com, Subject: XXX, Content: XXXXX, Sent Date: 2024-10-31, Is Sent: false
ID: 8, Sender: exam1@gmail.com, Receiver: exam@gmail.com, Subject: XXX, Content: XXXXX, Sent Date: 2024-10-31, Is Sent: false

Error: Address already in use: bind
